<?xml version="1.0" encoding="UTF-8"?>
<testng-results ignored="0" total="1" passed="1" failed="0" skipped="0">
  <reporter-output>
  </reporter-output>
  <suite started-at="2026-07-26T22:08:21 IST" name="Default suite" finished-at="2026-07-26T22:08:30 IST" duration-ms="9253">
    <groups>
    </groups>
    <test started-at="2026-07-26T22:08:21 IST" name="Default test" finished-at="2026-07-26T22:08:30 IST" duration-ms="9253">
      <class name="testcases.LoginTest">
        <test-method is-config="true" signature="setUp()[pri:0, instance:testcases.LoginTest@2aceadd4]" started-at="2026-07-26T22:08:21 IST" name="setUp" finished-at="2026-07-26T22:08:30 IST" duration-ms="8573" status="PASS">
          <reporter-output>
          </reporter-output>
        </test-method> <!-- setUp -->
        <test-method signature="login()[pri:0, instance:testcases.LoginTest@2aceadd4]" started-at="2026-07-26T22:08:30 IST" name="login" finished-at="2026-07-26T22:08:30 IST" duration-ms="393" status="PASS">
          <reporter-output>
          </reporter-output>
        </test-method> <!-- login -->
        <test-method is-config="true" signature="tearDown()[pri:0, instance:testcases.LoginTest@2aceadd4]" started-at="2026-07-26T22:08:30 IST" name="tearDown" finished-at="2026-07-26T22:08:30 IST" duration-ms="234" status="PASS">
          <reporter-output>
          </reporter-output>
        </test-method> <!-- tearDown -->
      </class> <!-- testcases.LoginTest -->
    </test> <!-- Default test -->
  </suite> <!-- Default suite -->
</testng-results>
