<?xml version="1.0" encoding="UTF-8"?>
<testng-results ignored="0" total="2" passed="2" failed="0" skipped="0">
  <reporter-output>
  </reporter-output>
  <suite started-at="2026-07-27T10:35:31 IST" name="Default suite" finished-at="2026-07-27T10:35:56 IST" duration-ms="24179">
    <groups>
    </groups>
    <test started-at="2026-07-27T10:35:31 IST" name="Default test" finished-at="2026-07-27T10:35:56 IST" duration-ms="24179">
      <class name="testcases.LoginTest">
        <test-method is-config="true" signature="setUp()[pri:0, instance:testcases.LoginTest@24aed80c]" started-at="2026-07-27T10:35:31 IST" name="setUp" finished-at="2026-07-27T10:35:52 IST" duration-ms="20789" status="PASS">
          <reporter-output>
          </reporter-output>
        </test-method> <!-- setUp -->
        <test-method signature="verify_logo()[pri:0, instance:testcases.LoginTest@24aed80c]" started-at="2026-07-27T10:35:52 IST" name="verify_logo" finished-at="2026-07-27T10:35:53 IST" duration-ms="801" status="PASS">
          <reporter-output>
          </reporter-output>
        </test-method> <!-- verify_logo -->
        <test-method signature="login()[pri:1, instance:testcases.LoginTest@24aed80c]" started-at="2026-07-27T10:35:53 IST" name="login" finished-at="2026-07-27T10:35:55 IST" duration-ms="2168" status="PASS">
          <reporter-output>
          </reporter-output>
        </test-method> <!-- login -->
        <test-method is-config="true" signature="tearDown()[pri:0, instance:testcases.LoginTest@24aed80c]" started-at="2026-07-27T10:35:55 IST" name="tearDown" finished-at="2026-07-27T10:35:56 IST" duration-ms="315" status="PASS">
          <reporter-output>
          </reporter-output>
        </test-method> <!-- tearDown -->
      </class> <!-- testcases.LoginTest -->
    </test> <!-- Default test -->
  </suite> <!-- Default suite -->
</testng-results>
